# JRE version: OpenJDK Runtime Environment GraalVM CE 22.3.0 (17.0.5+8) (build 17.0.5+8-jvmci-22.3-b08)
# Java VM: OpenJDK 64-Bit Server VM GraalVM CE 22.3.0 (17.0.5+8-jvmci-22.3-b08, mixed mode, sharing, tiered, jvmci, jvmci compiler, compressed oops, compressed class ptrs, parallel gc, linux-amd64)
GC Precious Log:
 CPUs: 8 total, 1 available
 Memory: 1024M
 Large Page Support: Disabled
 NUMA Support: Disabled
 Compressed Oops: Enabled (32-bit)
 Alignments: Space 512K, Generation 512K, Heap 2M
 Heap Min Capacity: 100M
 Heap Initial Capacity: 100M
 Heap Max Capacity: 512M
 Pre-touch: Disabled
 Parallel Workers: 1
Heap:
 PSYoungGen      total 16896K, used 12799K [0x00000000f5580000, 0x00000000f6c00000, 0x0000000100000000)
  eden space 12800K, 99% used [0x00000000f5580000,0x00000000f61ffff0,0x00000000f6200000)
  from space 4096K, 0% used [0x00000000f6800000,0x00000000f6800000,0x00000000f6c00000)
  to   space 5120K, 0% used [0x00000000f6200000,0x00000000f6200000,0x00000000f6700000)
 ParOldGen       total 349696K, used 349694K [0x00000000e0000000, 0x00000000f5580000, 0x00000000f5580000)
  object space 349696K, 99% used [0x00000000e0000000,0x00000000f557fa58,0x00000000f5580000)
 Metaspace       used 52607K, committed 53632K, reserved 1097728K
  class space    used 5066K, committed 5504K, reserved 1048576K
GC Heap History (20 events):
Event: 910.675 GC heap before
{Heap before GC invocations=930 (full 790):
 PSYoungGen      total 16896K, used 12800K [0x00000000f5580000, 0x00000000f6c00000, 0x0000000100000000)
  eden space 12800K, 100% used [0x00000000f5580000,0x00000000f6200000,0x00000000f6200000)
  from space 4096K, 0% used [0x00000000f6800000,0x00000000f6800000,0x00000000f6c00000)
  to   space 5120K, 0% used [0x00000000f6200000,0x00000000f6200000,0x00000000f6700000)
 ParOldGen       total 349696K, used 349694K [0x00000000e0000000, 0x00000000f5580000, 0x00000000f5580000)
  object space 349696K, 99% used [0x00000000e0000000,0x00000000f557f860,0x00000000f5580000)
 Metaspace       used 52607K, committed 53632K, reserved 1097728K
  class space    used 5066K, committed 5504K, reserved 1048576K
}
Event: 911.783 GC heap after
{Heap after GC invocations=930 (full 790):
 PSYoungGen      total 17920K, used 12799K [0x00000000f5580000, 0x00000000f6c00000, 0x0000000100000000)
  eden space 12800K, 99% used [0x00000000f5580000,0x00000000f61fffc0,0x00000000f6200000)
  from space 5120K, 0% used [0x00000000f6200000,0x00000000f6200000,0x00000000f6700000)
  to   space 4096K, 0% used [0x00000000f6800000,0x00000000f6800000,0x00000000f6c00000)
 ParOldGen       total 349696K, used 349694K [0x00000000e0000000, 0x00000000f5580000, 0x00000000f5580000)
  object space 349696K, 99% used [0x00000000e0000000,0x00000000f557f840,0x00000000f5580000)
 Metaspace       used 52607K, committed 53632K, reserved 1097728K
  class space    used 5066K, committed 5504K, reserved 1048576K
}
Event: 911.786 GC heap before
{Heap before GC invocations=931 (full 791):
 PSYoungGen      total 17920K, used 12799K [0x00000000f5580000, 0x00000000f6c00000, 0x0000000100000000)
  eden space 12800K, 99% used [0x00000000f5580000,0x00000000f61ffff8,0x00000000f6200000)
  from space 5120K, 0% used [0x00000000f6200000,0x00000000f6200000,0x00000000f6700000)
  to   space 4096K, 0% used [0x00000000f6800000,0x00000000f6800000,0x00000000f6c00000)
 ParOldGen       total 349696K, used 349694K [0x00000000e0000000, 0x00000000f5580000, 0x00000000f5580000)
  object space 349696K, 99% used [0x00000000e0000000,0x00000000f557f840,0x00000000f5580000)
 Metaspace       used 52607K, committed 53632K, reserved 1097728K
  class space    used 5066K, committed 5504K, reserved 1048576K
}
Event: 912.949 GC heap after
{Heap after GC invocations=931 (full 791):
 PSYoungGen      total 16896K, used 12799K [0x00000000f5580000, 0x00000000f6c00000, 0x0000000100000000)
  eden space 12800K, 99% used [0x00000000f5580000,0x00000000f61fffb8,0x00000000f6200000)
  from space 4096K, 0% used [0x00000000f6800000,0x00000000f6800000,0x00000000f6c00000)
  to   space 5120K, 0% used [0x00000000f6200000,0x00000000f6200000,0x00000000f6700000)
 ParOldGen       total 349696K, used 349694K [0x00000000e0000000, 0x00000000f5580000, 0x00000000f5580000)
  object space 349696K, 99% used [0x00000000e0000000,0x00000000f557f840,0x00000000f5580000)
 Metaspace       used 52607K, committed 53632K, reserved 1097728K
  class space    used 5066K, committed 5504K, reserved 1048576K
}
Event: 912.949 GC heap before
{Heap before GC invocations=932 (full 792):
 PSYoungGen      total 16896K, used 12799K [0x00000000f5580000, 0x00000000f6c00000, 0x0000000100000000)
  eden space 12800K, 99% used [0x00000000f5580000,0x00000000f61ffff0,0x00000000f6200000)
  from space 4096K, 0% used [0x00000000f6800000,0x00000000f6800000,0x00000000f6c00000)
  to   space 5120K, 0% used [0x00000000f6200000,0x00000000f6200000,0x00000000f6700000)
 ParOldGen       total 349696K, used 349694K [0x00000000e0000000, 0x00000000f5580000, 0x00000000f5580000)
  object space 349696K, 99% used [0x00000000e0000000,0x00000000f557f840,0x00000000f5580000)
 Metaspace       used 52607K, committed 53632K, reserved 1097728K
  class space    used 5066K, committed 5504K, reserved 1048576K
}
Event: 913.982 GC heap after
{Heap after GC invocations=932 (full 792):
 PSYoungGen      total 17920K, used 12799K [0x00000000f5580000, 0x00000000f6c00000, 0x0000000100000000)
  eden space 12800K, 99% used [0x00000000f5580000,0x00000000f61fffd0,0x00000000f6200000)
  from space 5120K, 0% used [0x00000000f6200000,0x00000000f6200000,0x00000000f6700000)
  to   space 4096K, 0% used [0x00000000f6800000,0x00000000f6800000,0x00000000f6c00000)
 ParOldGen       total 349696K, used 349694K [0x00000000e0000000, 0x00000000f5580000, 0x00000000f5580000)
  object space 349696K, 99% used [0x00000000e0000000,0x00000000f557f840,0x00000000f5580000)
 Metaspace       used 52607K, committed 53632K, reserved 1097728K
  class space    used 5066K, committed 5504K, reserved 1048576K
}
Event: 913.982 GC heap before
{Heap before GC invocations=933 (full 793):
 PSYoungGen      total 17920K, used 12800K [0x00000000f5580000, 0x00000000f6c00000, 0x0000000100000000)
  eden space 12800K, 100% used [0x00000000f5580000,0x00000000f6200000,0x00000000f6200000)
  from space 5120K, 0% used [0x00000000f6200000,0x00000000f6200000,0x00000000f6700000)
  to   space 4096K, 0% used [0x00000000f6800000,0x00000000f6800000,0x00000000f6c00000)
 ParOldGen       total 349696K, used 349695K [0x00000000e0000000, 0x00000000f5580000, 0x00000000f5580000)
  object space 349696K, 99% used [0x00000000e0000000,0x00000000f557ff20,0x00000000f5580000)
 Metaspace       used 52607K, committed 53632K, reserved 1097728K
  class space    used 5066K, committed 5504K, reserved 1048576K
}
Event: 915.046 GC heap after
{Heap after GC invocations=933 (full 793):
 PSYoungGen      total 16896K, used 12799K [0x00000000f5580000, 0x00000000f6c00000, 0x0000000100000000)
  eden space 12800K, 99% used [0x00000000f5580000,0x00000000f61fffb8,0x00000000f6200000)
  from space 4096K, 0% used [0x00000000f6800000,0x00000000f6800000,0x00000000f6c00000)
  to   space 5120K, 0% used [0x00000000f6200000,0x00000000f6200000,0x00000000f6700000)
 ParOldGen       total 349696K, used 349694K [0x00000000e0000000, 0x00000000f5580000, 0x00000000f5580000)
  object space 349696K, 99% used [0x00000000e0000000,0x00000000f557fb88,0x00000000f5580000)
 Metaspace       used 52607K, committed 53632K, reserved 1097728K
  class space    used 5066K, committed 5504K, reserved 1048576K
}
Event: 915.046 GC heap before
{Heap before GC invocations=934 (full 794):
 PSYoungGen      total 16896K, used 12799K [0x00000000f5580000, 0x00000000f6c00000, 0x0000000100000000)
  eden space 12800K, 99% used [0x00000000f5580000,0x00000000f61ffff8,0x00000000f6200000)
  from space 4096K, 0% used [0x00000000f6800000,0x00000000f6800000,0x00000000f6c00000)
  to   space 5120K, 0% used [0x00000000f6200000,0x00000000f6200000,0x00000000f6700000)
 ParOldGen       total 349696K, used 349695K [0x00000000e0000000, 0x00000000f5580000, 0x00000000f5580000)
  object space 349696K, 99% used [0x00000000e0000000,0x00000000f557fd98,0x00000000f5580000)
 Metaspace       used 52607K, committed 53632K, reserved 1097728K
  class space    used 5066K, committed 5504K, reserved 1048576K
}
Event: 916.256 GC heap after
{Heap after GC invocations=934 (full 794):
 PSYoungGen      total 17920K, used 12799K [0x00000000f5580000, 0x00000000f6c00000, 0x0000000100000000)
  eden space 12800K, 99% used [0x00000000f5580000,0x00000000f61fffd8,0x00000000f6200000)
  from space 5120K, 0% used [0x00000000f6200000,0x00000000f6200000,0x00000000f6700000)
  to   space 4096K, 0% used [0x00000000f6800000,0x00000000f6800000,0x00000000f6c00000)
 ParOldGen       total 349696K, used 349695K [0x00000000e0000000, 0x00000000f5580000, 0x00000000f5580000)
  object space 349696K, 99% used [0x00000000e0000000,0x00000000f557fd98,0x00000000f5580000)
 Metaspace       used 52607K, committed 53632K, reserved 1097728K
  class space    used 5066K, committed 5504K, reserved 1048576K
}
Event: 916.256 GC heap before
{Heap before GC invocations=935 (full 795):
 PSYoungGen      total 17920K, used 12799K [0x00000000f5580000, 0x00000000f6c00000, 0x0000000100000000)
  eden space 12800K, 99% used [0x00000000f5580000,0x00000000f61fffd8,0x00000000f6200000)
  from space 5120K, 0% used [0x00000000f6200000,0x00000000f6200000,0x00000000f6700000)
  to   space 4096K, 0% used [0x00000000f6800000,0x00000000f6800000,0x00000000f6c00000)
 ParOldGen       total 349696K, used 349695K [0x00000000e0000000, 0x00000000f5580000, 0x00000000f5580000)
  object space 349696K, 99% used [0x00000000e0000000,0x00000000f557fd98,0x00000000f5580000)
 Metaspace       used 52607K, committed 53632K, reserved 1097728K
  class space    used 5066K, committed 5504K, reserved 1048576K
}
Event: 917.287 GC heap after
{Heap after GC invocations=935 (full 795):
 PSYoungGen      total 16896K, used 12799K [0x00000000f5580000, 0x00000000f6c00000, 0x0000000100000000)
  eden space 12800K, 99% used [0x00000000f5580000,0x00000000f61fffd8,0x00000000f6200000)
  from space 4096K, 0% used [0x00000000f6800000,0x00000000f6800000,0x00000000f6c00000)
  to   space 5120K, 0% used [0x00000000f6200000,0x00000000f6200000,0x00000000f6700000)
 ParOldGen       total 349696K, used 349695K [0x00000000e0000000, 0x00000000f5580000, 0x00000000f5580000)
  object space 349696K, 99% used [0x00000000e0000000,0x00000000f557fd98,0x00000000f5580000)
 Metaspace       used 52607K, committed 53632K, reserved 1097728K
  class space    used 5066K, committed 5504K, reserved 1048576K
}
Event: 917.287 GC heap before
{Heap before GC invocations=936 (full 796):
 PSYoungGen      total 16896K, used 12799K [0x00000000f5580000, 0x00000000f6c00000, 0x0000000100000000)
  eden space 12800K, 99% used [0x00000000f5580000,0x00000000f61ffff8,0x00000000f6200000)
  from space 4096K, 0% used [0x00000000f6800000,0x00000000f6800000,0x00000000f6c00000)
  to   space 5120K, 0% used [0x00000000f6200000,0x00000000f6200000,0x00000000f6700000)
 ParOldGen       total 349696K, used 349695K [0x00000000e0000000, 0x00000000f5580000, 0x00000000f5580000)
  object space 349696K, 99% used [0x00000000e0000000,0x00000000f557ff30,0x00000000f5580000)
 Metaspace       used 52607K, committed 53632K, reserved 1097728K
  class space    used 5066K, committed 5504K, reserved 1048576K
}
Event: 918.490 GC heap after
{Heap after GC invocations=936 (full 796):
 PSYoungGen      total 17920K, used 12799K [0x00000000f5580000, 0x00000000f6c00000, 0x0000000100000000)
  eden space 12800K, 99% used [0x00000000f5580000,0x00000000f61ffec0,0x00000000f6200000)
  from space 5120K, 0% used [0x00000000f6200000,0x00000000f6200000,0x00000000f6700000)
  to   space 4096K, 0% used [0x00000000f6800000,0x00000000f6800000,0x00000000f6c00000)
 ParOldGen       total 349696K, used 349692K [0x00000000e0000000, 0x00000000f5580000, 0x00000000f5580000)
  object space 349696K, 99% used [0x00000000e0000000,0x00000000f557f3f0,0x00000000f5580000)
 Metaspace       used 52607K, committed 53632K, reserved 1097728K
  class space    used 5066K, committed 5504K, reserved 1048576K
}
Event: 918.497 GC heap before
{Heap before GC invocations=937 (full 797):
 PSYoungGen      total 17920K, used 12799K [0x00000000f5580000, 0x00000000f6c00000, 0x0000000100000000)
  eden space 12800K, 99% used [0x00000000f5580000,0x00000000f61fff80,0x00000000f6200000)
  from space 5120K, 0% used [0x00000000f6200000,0x00000000f6200000,0x00000000f6700000)
  to   space 4096K, 0% used [0x00000000f6800000,0x00000000f6800000,0x00000000f6c00000)
 ParOldGen       total 349696K, used 349692K [0x00000000e0000000, 0x00000000f5580000, 0x00000000f5580000)
  object space 349696K, 99% used [0x00000000e0000000,0x00000000f557f3f0,0x00000000f5580000)
 Metaspace       used 52607K, committed 53632K, reserved 1097728K
  class space    used 5066K, committed 5504K, reserved 1048576K
}
Event: 919.747 GC heap after
{Heap after GC invocations=937 (full 797):
 PSYoungGen      total 16896K, used 12799K [0x00000000f5580000, 0x00000000f6c00000, 0x0000000100000000)
  eden space 12800K, 99% used [0x00000000f5580000,0x00000000f61fff68,0x00000000f6200000)
  from space 4096K, 0% used [0x00000000f6800000,0x00000000f6800000,0x00000000f6c00000)
  to   space 5120K, 0% used [0x00000000f6200000,0x00000000f6200000,0x00000000f6700000)
 ParOldGen       total 349696K, used 349692K [0x00000000e0000000, 0x00000000f5580000, 0x00000000f5580000)
  object space 349696K, 99% used [0x00000000e0000000,0x00000000f557f3f0,0x00000000f5580000)
 Metaspace       used 52607K, committed 53632K, reserved 1097728K
  class space    used 5066K, committed 5504K, reserved 1048576K
}
Event: 919.747 GC heap before
{Heap before GC invocations=938 (full 798):
 PSYoungGen      total 16896K, used 12800K [0x00000000f5580000, 0x00000000f6c00000, 0x0000000100000000)
  eden space 12800K, 100% used [0x00000000f5580000,0x00000000f6200000,0x00000000f6200000)
  from space 4096K, 0% used [0x00000000f6800000,0x00000000f6800000,0x00000000f6c00000)
  to   space 5120K, 0% used [0x00000000f6200000,0x00000000f6200000,0x00000000f6700000)
 ParOldGen       total 349696K, used 349694K [0x00000000e0000000, 0x00000000f5580000, 0x00000000f5580000)
  object space 349696K, 99% used [0x00000000e0000000,0x00000000f557fb10,0x00000000f5580000)
 Metaspace       used 52607K, committed 53632K, reserved 1097728K
  class space    used 5066K, committed 5504K, reserved 1048576K
}
Event: 920.778 GC heap after
{Heap after GC invocations=938 (full 798):
 PSYoungGen      total 17920K, used 12799K [0x00000000f5580000, 0x00000000f6c00000, 0x0000000100000000)
  eden space 12800K, 99% used [0x00000000f5580000,0x00000000f61fff18,0x00000000f6200000)
  from space 5120K, 0% used [0x00000000f6200000,0x00000000f6200000,0x00000000f6700000)
  to   space 4096K, 0% used [0x00000000f6800000,0x00000000f6800000,0x00000000f6c00000)
 ParOldGen       total 349696K, used 349693K [0x00000000e0000000, 0x00000000f5580000, 0x00000000f5580000)
  object space 349696K, 99% used [0x00000000e0000000,0x00000000f557f7c0,0x00000000f5580000)
 Metaspace       used 52607K, committed 53632K, reserved 1097728K
  class space    used 5066K, committed 5504K, reserved 1048576K
}
Event: 920.778 GC heap before
{Heap before GC invocations=939 (full 799):
 PSYoungGen      total 17920K, used 12799K [0x00000000f5580000, 0x00000000f6c00000, 0x0000000100000000)
  eden space 12800K, 99% used [0x00000000f5580000,0x00000000f61fff18,0x00000000f6200000)
  from space 5120K, 0% used [0x00000000f6200000,0x00000000f6200000,0x00000000f6700000)
  to   space 4096K, 0% used [0x00000000f6800000,0x00000000f6800000,0x00000000f6c00000)
 ParOldGen       total 349696K, used 349693K [0x00000000e0000000, 0x00000000f5580000, 0x00000000f5580000)
  object space 349696K, 99% used [0x00000000e0000000,0x00000000f557f7c0,0x00000000f5580000)
 Metaspace       used 52607K, committed 53632K, reserved 1097728K
  class space    used 5066K, committed 5504K, reserved 1048576K
}
Event: 921.861 GC heap after
{Heap after GC invocations=939 (full 799):
 PSYoungGen      total 16896K, used 12799K [0x00000000f5580000, 0x00000000f6c00000, 0x0000000100000000)
  eden space 12800K, 99% used [0x00000000f5580000,0x00000000f61fff18,0x00000000f6200000)
  from space 4096K, 0% used [0x00000000f6800000,0x00000000f6800000,0x00000000f6c00000)
  to   space 5120K, 0% used [0x00000000f6200000,0x00000000f6200000,0x00000000f6700000)
 ParOldGen       total 349696K, used 349693K [0x00000000e0000000, 0x00000000f5580000, 0x00000000f5580000)
  object space 349696K, 99% used [0x00000000e0000000,0x00000000f557f7c0,0x00000000f5580000)
 Metaspace       used 52607K, committed 53632K, reserved 1097728K
  class space    used 5066K, committed 5504K, reserved 1048576K
}

